<?xml version="1.0" encoding="UTF-8"?>
<!-- Generated by org.testng.reporters.JUnitReportReporter -->
<testsuite hostname="USHYDPSAMUD1" failures="0" tests="1" name="GitHubActions.Practice.AppTest" time="0.014" errors="0" timestamp="2022-09-30T14:23:35 IST" skipped="0">
  <testcase classname="GitHubActions.Practice.AppTest" name="testApp" time="0.014"/>
  <system-out/>
</testsuite> <!-- GitHubActions.Practice.AppTest -->
